2025-02-26 10:28:35,492 [Worker-5: Loading available Gradle versions] INFO  o.e.b.c.i.u.g.PublishedGradleVersions - Gradle version information cache is not available. Remote download required.
2025-02-26 10:30:05,905 [Worker-0: Importing Maven projects] INFO  o.e.m.c.i.l.LifecycleMappingFactory - Using org.maven.ide.eclipse.wtp.WarLifecycleMapping lifecycle mapping for MavenProject: Wipro:MessegeApp:0.0.1-SNAPSHOT @ C:\Users\Shravan\OneDrive\Desktop\WIPRO\DateTimeServlet\pom.xml.
2025-02-26 10:30:09,036 [Worker-0: Importing Maven projects] INFO  o.e.m.c.i.l.LifecycleMappingFactory - Using org.maven.ide.eclipse.wtp.WarLifecycleMapping lifecycle mapping for MavenProject: WriproElite:Date_Time_Display:0.0.1-SNAPSHOT @ C:\Users\Shravan\OneDrive\Desktop\WIPRO\Date_Time_Display\pom.xml.
2025-02-26 10:30:09,235 [Worker-0: Importing Maven projects] INFO  o.e.m.c.i.l.LifecycleMappingFactory - Using org.maven.ide.eclipse.wtp.WarLifecycleMapping lifecycle mapping for MavenProject: Wipro:Messege_Sender_App:0.0.1-SNAPSHOT @ C:\Users\Shravan\OneDrive\Desktop\WIPRO\Messege_Sender_App\pom.xml.
2025-02-26 10:30:09,705 [Worker-0: Importing Maven projects] INFO  o.e.m.c.i.l.LifecycleMappingFactory - Using org.eclipse.m2e.jdt.JarLifecycleMapping lifecycle mapping for MavenProject: WiproTesting:Wipro:0.0.1-SNAPSHOT @ C:\Users\Shravan\OneDrive\Desktop\WIPRO\Wipro\pom.xml.
2025-02-26 10:30:09,895 [Worker-0: Importing Maven projects] INFO  o.e.m.c.i.l.LifecycleMappingFactory - Using org.maven.ide.eclipse.wtp.WarLifecycleMapping lifecycle mapping for MavenProject: Google:servlet_crud:0.0.1-SNAPSHOT @ C:\Users\Shravan\OneDrive\Desktop\WIPRO\WiproDay5_Assignment\servlet_crud\pom.xml.
2025-02-26 10:30:20,673 [Worker-0: Importing Maven projects] INFO  o.e.m.j.i.AbstractJavaProjectConfigurator - Adding source folder /MessegeApp/src/main/java
2025-02-26 10:30:20,684 [Worker-0: Importing Maven projects] INFO  o.e.m.j.i.AbstractJavaProjectConfigurator - Adding resource folder /MessegeApp/src/main/resources
2025-02-26 10:30:20,726 [Worker-0: Importing Maven projects] INFO  o.e.m.j.i.AbstractJavaProjectConfigurator - Adding source folder /MessegeApp/src/test/java
2025-02-26 10:30:20,730 [Worker-0: Importing Maven projects] INFO  o.e.m.j.i.AbstractJavaProjectConfigurator - Adding resource folder /MessegeApp/src/test/resources
2025-02-26 10:30:21,319 [Worker-0: Importing Maven projects] INFO  o.e.m.j.i.AbstractJavaProjectConfigurator - Adding source folder /servlet_crud/src/main/java
2025-02-26 10:30:21,320 [Worker-0: Importing Maven projects] INFO  o.e.m.j.i.AbstractJavaProjectConfigurator - Adding resource folder /servlet_crud/src/main/resources
2025-02-26 10:30:21,320 [Worker-0: Importing Maven projects] INFO  o.e.m.j.i.AbstractJavaProjectConfigurator - Adding source folder /servlet_crud/src/test/java
2025-02-26 10:30:21,321 [Worker-0: Importing Maven projects] INFO  o.e.m.j.i.AbstractJavaProjectConfigurator - Adding resource folder /servlet_crud/src/test/resources
2025-02-26 10:30:21,618 [Worker-0: Importing Maven projects] INFO  o.e.m.j.i.AbstractJavaProjectConfigurator - Adding source folder /Date_Time_Display/src/main/java
2025-02-26 10:30:21,620 [Worker-0: Importing Maven projects] INFO  o.e.m.j.i.AbstractJavaProjectConfigurator - Adding resource folder /Date_Time_Display/src/main/resources
2025-02-26 10:30:21,620 [Worker-0: Importing Maven projects] INFO  o.e.m.j.i.AbstractJavaProjectConfigurator - Adding source folder /Date_Time_Display/src/test/java
2025-02-26 10:30:21,621 [Worker-0: Importing Maven projects] INFO  o.e.m.j.i.AbstractJavaProjectConfigurator - Adding resource folder /Date_Time_Display/src/test/resources
2025-02-26 10:30:21,805 [Worker-0: Importing Maven projects] INFO  o.e.m.j.i.AbstractJavaProjectConfigurator - Adding source folder /Wipro/src/main/java
2025-02-26 10:30:21,807 [Worker-0: Importing Maven projects] INFO  o.e.m.j.i.AbstractJavaProjectConfigurator - Adding resource folder /Wipro/src/main/resources
2025-02-26 10:30:21,807 [Worker-0: Importing Maven projects] INFO  o.e.m.j.i.AbstractJavaProjectConfigurator - Adding source folder /Wipro/src/test/java
2025-02-26 10:30:21,809 [Worker-0: Importing Maven projects] INFO  o.e.m.j.i.AbstractJavaProjectConfigurator - Adding resource folder /Wipro/src/test/resources
2025-02-26 10:30:21,987 [Worker-0: Importing Maven projects] INFO  o.e.m.j.i.AbstractJavaProjectConfigurator - Adding source folder /Messege_Sender_App/src/main/java
2025-02-26 10:30:21,989 [Worker-0: Importing Maven projects] INFO  o.e.m.j.i.AbstractJavaProjectConfigurator - Adding resource folder /Messege_Sender_App/src/main/resources
2025-02-26 10:30:21,990 [Worker-0: Importing Maven projects] INFO  o.e.m.j.i.AbstractJavaProjectConfigurator - Adding source folder /Messege_Sender_App/src/test/java
2025-02-26 10:30:21,991 [Worker-0: Importing Maven projects] INFO  o.e.m.j.i.AbstractJavaProjectConfigurator - Adding resource folder /Messege_Sender_App/src/test/resources
2025-02-26 10:30:22,225 [Worker-0: Importing Maven projects] INFO  o.e.m.c.i.p.ProjectConfigurationManager - Imported and configured 5 project(s) in 23 sec
2025-02-26 10:30:23,950 [Worker-1: Updating Maven Project] INFO  o.e.m.c.i.p.ProjectConfigurationManager - Update started
2025-02-26 10:30:24,191 [Worker-1: Updating Maven Project] INFO  o.e.m.c.i.l.LifecycleMappingFactory - Using org.eclipse.m2e.jdt.JarLifecycleMapping lifecycle mapping for MavenProject: WiproTesting:Wipro:0.0.1-SNAPSHOT @ C:\Users\Shravan\OneDrive\Desktop\WIPRO\Wipro\pom.xml.
2025-02-26 10:30:24,685 [Worker-1: Updating Maven Project] INFO  o.e.m.j.i.AbstractJavaProjectConfigurator - Adding source folder /Wipro/src/main/java
2025-02-26 10:30:24,689 [Worker-1: Updating Maven Project] INFO  o.e.m.j.i.AbstractJavaProjectConfigurator - Adding resource folder /Wipro/src/main/resources
2025-02-26 10:30:24,691 [Worker-1: Updating Maven Project] INFO  o.e.m.j.i.AbstractJavaProjectConfigurator - Adding source folder /Wipro/src/test/java
2025-02-26 10:30:24,693 [Worker-1: Updating Maven Project] INFO  o.e.m.j.i.AbstractJavaProjectConfigurator - Adding resource folder /Wipro/src/test/resources
2025-02-26 10:30:25,273 [Worker-1: Updating Maven Project] INFO  o.e.m.c.i.p.ProjectConfigurationManager - Update completed for 1 poms: local refresh takes 0.00 sec, refresh facades takes 0.00 sec, update config takes 0.00 sec 
2025-02-26 10:30:25,391 [Worker-14: Updating Maven Project] INFO  o.e.m.c.i.p.ProjectConfigurationManager - Update started
2025-02-26 10:30:26,462 [Worker-14: Updating Maven Project] INFO  o.e.m.c.i.l.LifecycleMappingFactory - Using org.maven.ide.eclipse.wtp.WarLifecycleMapping lifecycle mapping for MavenProject: WriproElite:Date_Time_Display:0.0.1-SNAPSHOT @ C:\Users\Shravan\OneDrive\Desktop\WIPRO\Date_Time_Display\pom.xml.
2025-02-26 10:30:26,711 [Worker-14: Updating Maven Project] INFO  o.e.m.c.i.l.LifecycleMappingFactory - Using org.maven.ide.eclipse.wtp.WarLifecycleMapping lifecycle mapping for MavenProject: Wipro:MessegeApp:0.0.1-SNAPSHOT @ C:\Users\Shravan\OneDrive\Desktop\WIPRO\DateTimeServlet\pom.xml.
2025-02-26 10:30:27,401 [Worker-14: Updating Maven Project] INFO  o.e.m.c.i.l.LifecycleMappingFactory - Using org.maven.ide.eclipse.wtp.WarLifecycleMapping lifecycle mapping for MavenProject: Wipro:Messege_Sender_App:0.0.1-SNAPSHOT @ C:\Users\Shravan\OneDrive\Desktop\WIPRO\Messege_Sender_App\pom.xml.
2025-02-26 10:30:27,630 [Worker-14: Updating Maven Project] INFO  o.e.m.c.i.l.LifecycleMappingFactory - Using org.maven.ide.eclipse.wtp.WarLifecycleMapping lifecycle mapping for MavenProject: Google:servlet_crud:0.0.1-SNAPSHOT @ C:\Users\Shravan\OneDrive\Desktop\WIPRO\WiproDay5_Assignment\servlet_crud\pom.xml.
2025-02-26 10:30:28,470 [Worker-14: Updating Maven Project] INFO  o.e.m.j.i.AbstractJavaProjectConfigurator - Adding source folder /Date_Time_Display/src/main/java
2025-02-26 10:30:28,472 [Worker-14: Updating Maven Project] INFO  o.e.m.j.i.AbstractJavaProjectConfigurator - Adding resource folder /Date_Time_Display/src/main/resources
2025-02-26 10:30:28,473 [Worker-14: Updating Maven Project] INFO  o.e.m.j.i.AbstractJavaProjectConfigurator - Adding source folder /Date_Time_Display/src/test/java
2025-02-26 10:30:28,475 [Worker-14: Updating Maven Project] INFO  o.e.m.j.i.AbstractJavaProjectConfigurator - Adding resource folder /Date_Time_Display/src/test/resources
2025-02-26 10:30:28,667 [Worker-14: Updating Maven Project] INFO  o.e.m.j.i.AbstractJavaProjectConfigurator - Adding source folder /MessegeApp/src/main/java
2025-02-26 10:30:28,669 [Worker-14: Updating Maven Project] INFO  o.e.m.j.i.AbstractJavaProjectConfigurator - Adding resource folder /MessegeApp/src/main/resources
2025-02-26 10:30:28,669 [Worker-14: Updating Maven Project] INFO  o.e.m.j.i.AbstractJavaProjectConfigurator - Adding source folder /MessegeApp/src/test/java
2025-02-26 10:30:28,672 [Worker-14: Updating Maven Project] INFO  o.e.m.j.i.AbstractJavaProjectConfigurator - Adding resource folder /MessegeApp/src/test/resources
2025-02-26 10:30:29,185 [Worker-14: Updating Maven Project] INFO  o.e.m.j.i.AbstractJavaProjectConfigurator - Adding source folder /Messege_Sender_App/src/main/java
2025-02-26 10:30:29,188 [Worker-14: Updating Maven Project] INFO  o.e.m.j.i.AbstractJavaProjectConfigurator - Adding resource folder /Messege_Sender_App/src/main/resources
2025-02-26 10:30:29,188 [Worker-14: Updating Maven Project] INFO  o.e.m.j.i.AbstractJavaProjectConfigurator - Adding source folder /Messege_Sender_App/src/test/java
2025-02-26 10:30:29,189 [Worker-14: Updating Maven Project] INFO  o.e.m.j.i.AbstractJavaProjectConfigurator - Adding resource folder /Messege_Sender_App/src/test/resources
2025-02-26 10:30:29,312 [Worker-14: Updating Maven Project] INFO  o.e.m.j.i.AbstractJavaProjectConfigurator - Adding source folder /servlet_crud/src/main/java
2025-02-26 10:30:29,314 [Worker-14: Updating Maven Project] INFO  o.e.m.j.i.AbstractJavaProjectConfigurator - Adding resource folder /servlet_crud/src/main/resources
2025-02-26 10:30:29,314 [Worker-14: Updating Maven Project] INFO  o.e.m.j.i.AbstractJavaProjectConfigurator - Adding source folder /servlet_crud/src/test/java
2025-02-26 10:30:29,315 [Worker-14: Updating Maven Project] INFO  o.e.m.j.i.AbstractJavaProjectConfigurator - Adding resource folder /servlet_crud/src/test/resources
2025-02-26 10:30:29,845 [Worker-14: Updating Maven Project] INFO  o.e.m.w.i.f.ResourceFilteringBuildParticipant - Cleaning filtered folder for Date_Time_Display
2025-02-26 10:30:29,965 [Worker-14: Updating Maven Project] INFO  o.e.m.w.i.f.ResourceFilteringBuildParticipant - Cleaning filtered folder for MessegeApp
2025-02-26 10:30:30,069 [Worker-14: Updating Maven Project] INFO  o.e.m.w.i.f.ResourceFilteringBuildParticipant - Cleaning filtered folder for Messege_Sender_App
2025-02-26 10:30:30,157 [Worker-14: Updating Maven Project] INFO  o.e.m.w.i.f.ResourceFilteringBuildParticipant - Cleaning filtered folder for servlet_crud
2025-02-26 10:30:30,185 [Worker-14: Updating Maven Project] INFO  o.e.m.c.i.p.ProjectConfigurationManager - Update completed for 4 poms: local refresh takes 0.00 sec, refresh facades takes 2.00 sec, update config takes 1.00 sec 
2025-02-26 10:30:31,166 [Worker-5: Building] WARN  o.a.m.s.f.DefaultMavenResourcesFiltering - Using platform encoding (UTF-8 actually) to copy filtered resources, i.e. build is platform dependent!
2025-02-26 10:30:31,178 [Worker-5: Building] INFO  o.a.m.s.f.DefaultMavenResourcesFiltering - Copying 0 resource from src\main\resources to target\classes
2025-02-26 10:30:31,185 [Worker-5: Building] WARN  o.a.m.s.f.DefaultMavenResourcesFiltering - Using platform encoding (UTF-8 actually) to copy filtered resources, i.e. build is platform dependent!
2025-02-26 10:30:31,188 [Worker-5: Building] INFO  o.a.m.s.f.DefaultMavenResourcesFiltering - Copying 0 resource from src\test\resources to target\test-classes
2025-02-26 10:30:31,189 [Worker-5: Building] INFO  o.e.m.w.i.f.ResourceFilteringBuildParticipant - Changed resources require a complete clean of filtered resources of Date_Time_Display
2025-02-26 10:30:31,190 [Worker-5: Building] INFO  o.e.m.w.i.f.ResourceFilteringBuildParticipant - Executing resource filtering for Date_Time_Display
2025-02-26 10:30:32,796 [Worker-5: Building] INFO  o.a.m.s.f.DefaultMavenResourcesFiltering - Copying 0 resource from src\main\resources to target\classes
2025-02-26 10:30:32,804 [Worker-5: Building] INFO  o.a.m.s.f.DefaultMavenResourcesFiltering - Copying 0 resource from src\test\resources to target\test-classes
2025-02-26 10:30:32,805 [Worker-5: Building] INFO  o.e.m.w.i.f.ResourceFilteringBuildParticipant - Changed resources require a complete clean of filtered resources of MessegeApp
2025-02-26 10:30:32,806 [Worker-5: Building] INFO  o.e.m.w.i.f.ResourceFilteringBuildParticipant - Executing resource filtering for MessegeApp
2025-02-26 10:30:33,168 [Worker-5: Building] INFO  o.a.m.s.f.DefaultMavenResourcesFiltering - Copying 0 resource from src\main\resources to target\classes
2025-02-26 10:30:33,174 [Worker-5: Building] INFO  o.a.m.s.f.DefaultMavenResourcesFiltering - Copying 0 resource from src\test\resources to target\test-classes
2025-02-26 10:30:33,175 [Worker-5: Building] INFO  o.e.m.w.i.f.ResourceFilteringBuildParticipant - Changed resources require a complete clean of filtered resources of Messege_Sender_App
2025-02-26 10:30:33,175 [Worker-5: Building] INFO  o.e.m.w.i.f.ResourceFilteringBuildParticipant - Executing resource filtering for Messege_Sender_App
2025-02-26 10:30:33,330 [Worker-5: Building] WARN  o.a.m.s.f.DefaultMavenResourcesFiltering - Using platform encoding (UTF-8 actually) to copy filtered resources, i.e. build is platform dependent!
2025-02-26 10:30:33,333 [Worker-5: Building] INFO  o.a.m.s.f.DefaultMavenResourcesFiltering - Copying 0 resource from src\main\resources to target\classes
2025-02-26 10:30:33,338 [Worker-5: Building] WARN  o.a.m.s.f.DefaultMavenResourcesFiltering - Using platform encoding (UTF-8 actually) to copy filtered resources, i.e. build is platform dependent!
2025-02-26 10:30:33,340 [Worker-5: Building] INFO  o.a.m.s.f.DefaultMavenResourcesFiltering - Copying 0 resource from src\test\resources to target\test-classes
2025-02-26 10:30:35,576 [Worker-5: Building] INFO  o.a.m.s.f.DefaultMavenResourcesFiltering - Copying 1 resource from src\main\resources to target\classes
2025-02-26 10:30:35,598 [Worker-5: Building] INFO  o.a.m.s.f.DefaultMavenResourcesFiltering - Copying 0 resource from src\test\resources to target\test-classes
2025-02-26 10:30:35,598 [Worker-5: Building] INFO  o.e.m.w.i.f.ResourceFilteringBuildParticipant - Changed resources require a complete clean of filtered resources of servlet_crud
2025-02-26 10:30:35,598 [Worker-5: Building] INFO  o.e.m.w.i.f.ResourceFilteringBuildParticipant - Executing resource filtering for servlet_crud
